<?xml version="1.0" encoding="UTF-8"?>
<!-- Generated by org.testng.reporters.JUnitReportReporter -->
<testsuite hostname="DSCHD-PC-021" failures="0" tests="2" name="frameworkTest.TestCases.RegisterNew1" time="32.459" errors="0" timestamp="27 Feb 2019 13:18:48 GMT" skipped="0">
  <testcase classname="frameworkTest.TestCases.RegisterNew1" name="registerNewUser" time="13.986"/>
  <testcase classname="frameworkTest.TestCases.RegisterNew1" name="registerNewUser" time="18.473"/>
</testsuite> <!-- frameworkTest.TestCases.RegisterNew1 -->
