<?xml version="1.0" encoding="UTF-8"?>
<!-- Generated by org.testng.reporters.JUnitReportReporter -->
<testsuite hostname="DSCHD-PC-021" failures="0" tests="1" name="Qaclickacademyframework.TestCases.PracticePage" time="42.326" errors="0" timestamp="22 Apr 2019 14:01:23 GMT" skipped="0">
  <testcase classname="Qaclickacademyframework.TestCases.PracticePage" name="all" time="42.326"/>
</testsuite> <!-- Qaclickacademyframework.TestCases.PracticePage -->
