<?xml version="1.0" encoding="UTF-8"?>
<!-- Generated by org.testng.reporters.JUnitReportReporter -->
<testsuite hostname="DSCHD-PC-021" failures="0" tests="1" name="Qaclickacademyframework.TestCases.PracticePage" time="0.093" errors="0" timestamp="29 Mar 2019 10:37:04 GMT" skipped="0">
  <testcase classname="Qaclickacademyframework.TestCases.PracticePage" name="all" time="0.093"/>
</testsuite> <!-- Qaclickacademyframework.TestCases.PracticePage -->
