<?xml version="1.0" encoding="UTF-8"?>
<!-- Generated by org.testng.reporters.JUnitReportReporter -->
<testsuite hostname="DSCHD-PC-021" failures="0" tests="1" name="frameworkTest.TestCases.SearchProduct" time="38.030" errors="0" timestamp="26 Mar 2019 10:27:39 GMT" skipped="0">
  <testcase classname="frameworkTest.TestCases.SearchProduct" name="searchByValue" time="38.030"/>
</testsuite> <!-- frameworkTest.TestCases.SearchProduct -->
