<?xml version="1.0" encoding="UTF-8"?>
<!-- Generated by org.testng.reporters.JUnitReportReporter -->
<testsuite hostname="DSCHD-PC-021" failures="0" tests="1" name="Qaclickacademyframework.TestCases.PracticePage" time="36.554" errors="0" timestamp="09 Apr 2019 14:26:47 GMT" skipped="0">
  <testcase classname="Qaclickacademyframework.TestCases.PracticePage" name="all" time="36.554"/>
</testsuite> <!-- Qaclickacademyframework.TestCases.PracticePage -->
